TN:
SF:src/modules/appointments/services/CreateAppointmentService.ts
FN:16,(anonymous_18)
FN:23,CreateAppointmentService
FN:29,(anonymous_20)
FNF:3
FNH:3
FNDA:1,(anonymous_18)
FNDA:2,CreateAppointmentService
FNDA:3,(anonymous_20)
DA:1,1
DA:2,1
DA:4,1
DA:16,1
DA:25,2
DA:29,3
DA:32,3
DA:34,3
DA:39,3
DA:40,1
DA:43,2
DA:49,2
DA:51,1
DA:53,1
LF:14
LH:14
BRDA:39,0,0,1
BRDA:39,0,1,2
BRF:2
BRH:2
end_of_record
TN:
SF:src/modules/users/services/AuthenticateUserService.ts
FN:29,(anonymous_18)
FN:30,AuthenticateUserService
FN:38,(anonymous_20)
FNF:3
FNH:3
FNDA:1,(anonymous_18)
FNDA:3,AuthenticateUserService
FNDA:3,(anonymous_20)
DA:1,1
DA:2,1
DA:4,1
DA:5,1
DA:29,1
DA:32,3
DA:35,3
DA:38,3
DA:39,3
DA:41,3
DA:42,1
DA:52,2
DA:57,2
DA:58,1
DA:63,1
DA:65,1
DA:74,1
DA:79,1
DA:81,1
LF:19
LH:19
BRDA:39,0,0,3
BRDA:41,1,0,1
BRDA:41,1,1,2
BRDA:57,2,0,1
BRDA:57,2,1,1
BRF:5
BRH:5
end_of_record
TN:
SF:src/modules/users/services/CreateUserService.ts
FN:16,(anonymous_18)
FN:17,CreateUserService
FN:25,(anonymous_20)
FNF:3
FNH:3
FNDA:2,(anonymous_18)
FNDA:4,CreateUserService
FNDA:5,(anonymous_20)
DA:1,2
DA:3,2
DA:16,2
DA:19,4
DA:22,4
DA:25,5
DA:29,5
DA:31,5
DA:32,1
DA:35,4
DA:38,4
DA:44,4
DA:46,2
DA:48,2
LF:14
LH:14
BRDA:29,0,0,5
BRDA:31,1,0,1
BRDA:31,1,1,4
BRF:3
BRH:3
end_of_record
TN:
SF:src/modules/users/services/UpdateUserAvatarService.ts
FN:21,(anonymous_18)
FN:22,UpdateUserAvatarService
FN:30,(anonymous_20)
FNF:3
FNH:3
FNDA:1,(anonymous_18)
FNDA:3,UpdateUserAvatarService
FNDA:4,(anonymous_20)
DA:1,1
DA:3,1
DA:20,1
DA:21,1
DA:24,3
DA:27,3
DA:30,4
DA:31,4
DA:33,4
DA:34,1
DA:38,5
DA:40,2
DA:42,3
DA:44,3
DA:45,6
DA:47,3
DA:49,1
DA:51,1
LF:18
LH:18
BRDA:31,0,0,4
BRDA:31,0,1,3
BRDA:33,1,0,1
BRDA:33,1,1,3
BRDA:38,2,0,2
BRDA:38,2,1,1
BRF:6
BRH:6
end_of_record
